app/build/intermediates/manifest_merge_blame_file/debug/manifest-merger-blame-debug-report.txt
1<?xml version="1.0" encoding="utf-8"?>
2<manifest xmlns:android="http://schemas.android.com/apk/res/android"
3    package="com.triton.bertsproject"
4    android:versionCode="1"
5    android:versionName="1.0" >
6
7    <uses-sdk
8        android:minSdkVersion="19"
8-->src\main\AndroidManifest.xml
9        android:targetSdkVersion="30" />
9-->src\main\AndroidManifest.xml
10
11    <supports-screens
11-->src\main\AndroidManifest.xml:6:5-10:40
12        android:anyDensity="true"
12-->src\main\AndroidManifest.xml:7:9-34
13        android:largeScreens="true"
13-->src\main\AndroidManifest.xml:8:9-36
14        android:smallScreens="true"
14-->src\main\AndroidManifest.xml:9:9-36
15        android:xlargeScreens="true" />
15-->src\main\AndroidManifest.xml:10:9-37
16
17    <uses-permission android:name="android.permission.ACCESS_NETWORK_STATE" />
17-->src\main\AndroidManifest.xml:12:5-79
17-->src\main\AndroidManifest.xml:12:22-76
18    <uses-permission android:name="android.permission.INTERNET" />
18-->src\main\AndroidManifest.xml:13:5-67
18-->src\main\AndroidManifest.xml:13:22-64
19
20    <!-- Permission will be merged into the manifest of the hosting app. -->
21    <!-- Is required to launch foreground extraction service for targetSdkVersion 28+. -->
22    <uses-permission android:name="android.permission.FOREGROUND_SERVICE" />
22-->[com.google.android.play:core:1.8.0] AndroidManifest.xml:8:3-74
22-->[com.google.android.play:core:1.8.0] AndroidManifest.xml:8:20-72
23    <uses-permission android:name="com.google.android.finsky.permission.BIND_GET_INSTALL_REFERRER_SERVICE" />
23-->[com.android.installreferrer:installreferrer:1.0] AndroidManifest.xml:9:5-110
23-->[com.android.installreferrer:installreferrer:1.0] AndroidManifest.xml:9:22-107
24
25    <application
25-->src\main\AndroidManifest.xml:15:5-291:19
26        android:name="com.triton.bertsproject.app.App"
26-->src\main\AndroidManifest.xml:16:9-32
27        android:allowBackup="true"
27-->src\main\AndroidManifest.xml:17:9-35
28        android:appComponentFactory="androidx.core.app.CoreComponentFactory"
28-->[androidx.core:core:1.3.1] AndroidManifest.xml:24:18-86
29        android:debuggable="true"
30        android:icon="@mipmap/ic_launcher"
30-->src\main\AndroidManifest.xml:18:9-43
31        android:label="@string/app_name"
31-->src\main\AndroidManifest.xml:19:9-41
32        android:largeHeap="true"
32-->src\main\AndroidManifest.xml:20:9-33
33        android:requestLegacyExternalStorage="true"
33-->src\main\AndroidManifest.xml:21:9-52
34        android:roundIcon="@mipmap/ic_launcher_round"
34-->src\main\AndroidManifest.xml:22:9-54
35        android:screenOrientation="portrait"
35-->src\main\AndroidManifest.xml:23:9-45
36        android:supportsRtl="true"
36-->src\main\AndroidManifest.xml:24:9-35
37        android:usesCleartextTraffic="true" >
37-->src\main\AndroidManifest.xml:25:9-44
38        <activity
38-->src\main\AndroidManifest.xml:28:9-32:55
39            android:name="com.triton.bertsproject.retailer.OrderDetailListActivity"
39-->src\main\AndroidManifest.xml:28:19-67
40            android:screenOrientation="portrait"
40-->src\main\AndroidManifest.xml:29:13-49
41            android:theme="@style/Theme.BertsProject.SearchProduct"
41-->src\main\AndroidManifest.xml:30:13-68
42            android:windowSoftInputMode="adjustPan" />
42-->src\main\AndroidManifest.xml:31:13-52
43        <activity
43-->src\main\AndroidManifest.xml:33:9-38:56
44            android:name="com.triton.bertsproject.retailer.RetailerProductListBasedOnCategActivity"
44-->src\main\AndroidManifest.xml:34:13-77
45            android:screenOrientation="portrait"
45-->src\main\AndroidManifest.xml:35:13-49
46            android:theme="@style/Theme.BertsProject.SearchProduct"
46-->src\main\AndroidManifest.xml:36:13-68
47            android:windowSoftInputMode="adjustPan" />
47-->src\main\AndroidManifest.xml:37:13-52
48        <activity
48-->src\main\AndroidManifest.xml:39:9-44:56
49            android:name="com.triton.bertsproject.retailer.RetailerProductListBasedOnMakeActivity"
49-->src\main\AndroidManifest.xml:40:13-76
50            android:screenOrientation="portrait"
50-->src\main\AndroidManifest.xml:41:13-49
51            android:theme="@style/Theme.BertsProject.SearchProduct"
51-->src\main\AndroidManifest.xml:42:13-68
52            android:windowSoftInputMode="adjustPan" />
52-->src\main\AndroidManifest.xml:43:13-52
53        <activity
53-->src\main\AndroidManifest.xml:45:9-50:56
54            android:name="com.triton.bertsproject.retailer.ShowAllChildMakesActivity"
54-->src\main\AndroidManifest.xml:46:13-63
55            android:screenOrientation="portrait"
55-->src\main\AndroidManifest.xml:47:13-49
56            android:theme="@style/Theme.BertsProject.SearchProduct"
56-->src\main\AndroidManifest.xml:48:13-68
57            android:windowSoftInputMode="adjustPan" />
57-->src\main\AndroidManifest.xml:49:13-52
58        <activity
58-->src\main\AndroidManifest.xml:51:9-56:56
59            android:name="com.triton.bertsproject.retailer.ShowAllChildMakesListActivity"
59-->src\main\AndroidManifest.xml:52:13-67
60            android:screenOrientation="portrait"
60-->src\main\AndroidManifest.xml:53:13-49
61            android:theme="@style/Theme.BertsProject.SearchProduct"
61-->src\main\AndroidManifest.xml:54:13-68
62            android:windowSoftInputMode="adjustPan" />
62-->src\main\AndroidManifest.xml:55:13-52
63        <activity
63-->src\main\AndroidManifest.xml:57:9-62:56
64            android:name="com.triton.bertsproject.retailer.ShowAllChildCategActivity"
64-->src\main\AndroidManifest.xml:58:13-63
65            android:screenOrientation="portrait"
65-->src\main\AndroidManifest.xml:59:13-49
66            android:theme="@style/Theme.BertsProject.SearchProduct"
66-->src\main\AndroidManifest.xml:60:13-68
67            android:windowSoftInputMode="adjustPan" />
67-->src\main\AndroidManifest.xml:61:13-52
68        <activity
68-->src\main\AndroidManifest.xml:63:9-68:56
69            android:name="com.triton.bertsproject.retailer.ShowAllParentMakesActivity"
69-->src\main\AndroidManifest.xml:64:13-64
70            android:screenOrientation="portrait"
70-->src\main\AndroidManifest.xml:65:13-49
71            android:theme="@style/Theme.BertsProject.SearchProduct"
71-->src\main\AndroidManifest.xml:66:13-68
72            android:windowSoftInputMode="adjustPan" />
72-->src\main\AndroidManifest.xml:67:13-52
73        <activity
73-->src\main\AndroidManifest.xml:69:9-74:56
74            android:name="com.triton.bertsproject.retailer.ShowAllBrandsActivity"
74-->src\main\AndroidManifest.xml:70:13-59
75            android:screenOrientation="portrait"
75-->src\main\AndroidManifest.xml:71:13-49
76            android:theme="@style/Theme.BertsProject.SearchProduct"
76-->src\main\AndroidManifest.xml:72:13-68
77            android:windowSoftInputMode="adjustPan" />
77-->src\main\AndroidManifest.xml:73:13-52
78        <activity
78-->src\main\AndroidManifest.xml:75:9-80:56
79            android:name="com.triton.bertsproject.retailer.ShowAllParentCategoriesActivity"
79-->src\main\AndroidManifest.xml:76:13-69
80            android:screenOrientation="portrait"
80-->src\main\AndroidManifest.xml:77:13-49
81            android:theme="@style/Theme.BertsProject.SearchProduct"
81-->src\main\AndroidManifest.xml:78:13-68
82            android:windowSoftInputMode="adjustPan" />
82-->src\main\AndroidManifest.xml:79:13-52
83        <activity
83-->src\main\AndroidManifest.xml:81:9-86:56
84            android:name="com.triton.bertsproject.retailer.SampleActivity"
84-->src\main\AndroidManifest.xml:82:13-52
85            android:screenOrientation="portrait"
85-->src\main\AndroidManifest.xml:83:13-49
86            android:theme="@style/Theme.BertsProject.SearchProduct"
86-->src\main\AndroidManifest.xml:84:13-68
87            android:windowSoftInputMode="adjustPan" />
87-->src\main\AndroidManifest.xml:85:13-52
88        <activity
88-->src\main\AndroidManifest.xml:87:9-92:56
89            android:name="com.triton.bertsproject.retailer.PaymentMethodActivity"
89-->src\main\AndroidManifest.xml:88:13-59
90            android:screenOrientation="portrait"
90-->src\main\AndroidManifest.xml:89:13-49
91            android:theme="@style/Theme.BertsProject.SearchProduct"
91-->src\main\AndroidManifest.xml:90:13-68
92            android:windowSoftInputMode="adjustPan" />
92-->src\main\AndroidManifest.xml:91:13-52
93        <activity
93-->src\main\AndroidManifest.xml:93:9-98:56
94            android:name="com.triton.bertsproject.retailer.CouponApplyDetailActivity"
94-->src\main\AndroidManifest.xml:94:13-63
95            android:screenOrientation="portrait"
95-->src\main\AndroidManifest.xml:95:13-49
96            android:theme="@style/Theme.BertsProject.SearchProduct"
96-->src\main\AndroidManifest.xml:96:13-68
97            android:windowSoftInputMode="adjustPan" />
97-->src\main\AndroidManifest.xml:97:13-52
98        <activity
98-->src\main\AndroidManifest.xml:99:9-104:56
99            android:name="com.triton.bertsproject.retailer.CheckoutScreenActivity"
99-->src\main\AndroidManifest.xml:100:13-60
100            android:screenOrientation="portrait"
100-->src\main\AndroidManifest.xml:101:13-49
101            android:theme="@style/Theme.BertsProject.SearchProduct"
101-->src\main\AndroidManifest.xml:102:13-68
102            android:windowSoftInputMode="adjustPan" />
102-->src\main\AndroidManifest.xml:103:13-52
103        <activity
103-->src\main\AndroidManifest.xml:105:9-110:56
104            android:name="com.triton.bertsproject.retailer.ShippingMethodActivity"
104-->src\main\AndroidManifest.xml:106:13-60
105            android:screenOrientation="portrait"
105-->src\main\AndroidManifest.xml:107:13-49
106            android:theme="@style/Parent"
106-->src\main\AndroidManifest.xml:108:13-42
107            android:windowSoftInputMode="adjustPan" />
107-->src\main\AndroidManifest.xml:109:13-52
108        <activity
108-->src\main\AndroidManifest.xml:111:9-116:56
109            android:name="com.triton.bertsproject.retailer.RetailerAllCategoriesActivity"
109-->src\main\AndroidManifest.xml:112:13-67
110            android:screenOrientation="portrait"
110-->src\main\AndroidManifest.xml:113:13-49
111            android:theme="@style/Theme.BertsProject.SearchProduct"
111-->src\main\AndroidManifest.xml:114:13-68
112            android:windowSoftInputMode="adjustPan" />
112-->src\main\AndroidManifest.xml:115:13-52
113        <activity
113-->src\main\AndroidManifest.xml:117:9-122:56
114            android:name="com.triton.bertsproject.retailer.RetailerSetttingsActivity"
114-->src\main\AndroidManifest.xml:118:13-63
115            android:screenOrientation="portrait"
115-->src\main\AndroidManifest.xml:119:13-49
116            android:theme="@style/Theme.BertsProject.SearchProduct"
116-->src\main\AndroidManifest.xml:120:13-68
117            android:windowSoftInputMode="adjustPan" />
117-->src\main\AndroidManifest.xml:121:13-52
118        <activity
118-->src\main\AndroidManifest.xml:123:9-128:56
119            android:name="com.triton.bertsproject.retailer.ProductDetailDescriptionActivity"
119-->src\main\AndroidManifest.xml:124:13-70
120            android:screenOrientation="portrait"
120-->src\main\AndroidManifest.xml:125:13-49
121            android:theme="@style/Theme.BertsProject.SearchProduct"
121-->src\main\AndroidManifest.xml:126:13-68
122            android:windowSoftInputMode="adjustPan" />
122-->src\main\AndroidManifest.xml:127:13-52
123        <activity
123-->src\main\AndroidManifest.xml:129:9-134:56
124            android:name="com.triton.bertsproject.retailer.AddVehicleActivity"
124-->src\main\AndroidManifest.xml:130:13-56
125            android:screenOrientation="portrait"
125-->src\main\AndroidManifest.xml:131:13-49
126            android:theme="@style/Customtheme"
126-->src\main\AndroidManifest.xml:132:13-47
127            android:windowSoftInputMode="adjustPan" />
127-->src\main\AndroidManifest.xml:133:13-52
128        <activity
128-->src\main\AndroidManifest.xml:135:9-140:56
129            android:name="com.triton.bertsproject.retailer.EditVehicleActivity"
129-->src\main\AndroidManifest.xml:136:13-57
130            android:screenOrientation="portrait"
130-->src\main\AndroidManifest.xml:137:13-49
131            android:theme="@style/Customtheme"
131-->src\main\AndroidManifest.xml:138:13-47
132            android:windowSoftInputMode="adjustPan" />
132-->src\main\AndroidManifest.xml:139:13-52
133        <activity
133-->src\main\AndroidManifest.xml:141:9-146:56
134            android:name="com.triton.bertsproject.retailer.RetailerReceiptActivity"
134-->src\main\AndroidManifest.xml:142:13-61
135            android:screenOrientation="portrait"
135-->src\main\AndroidManifest.xml:143:13-49
136            android:theme="@style/Customtheme"
136-->src\main\AndroidManifest.xml:144:13-47
137            android:windowSoftInputMode="adjustPan" />
137-->src\main\AndroidManifest.xml:145:13-52
138        <activity
138-->src\main\AndroidManifest.xml:147:9-152:56
139            android:name="com.triton.bertsproject.retailer.ChangePasswordActivity"
139-->src\main\AndroidManifest.xml:148:13-60
140            android:screenOrientation="portrait"
140-->src\main\AndroidManifest.xml:149:13-49
141            android:theme="@style/Customtheme"
141-->src\main\AndroidManifest.xml:150:13-47
142            android:windowSoftInputMode="adjustPan" />
142-->src\main\AndroidManifest.xml:151:13-52
143        <activity
143-->src\main\AndroidManifest.xml:153:9-167:20
144            android:name="com.triton.bertsproject.retailer.FilterlistActivity"
144-->src\main\AndroidManifest.xml:154:13-56
145            android:screenOrientation="portrait"
145-->src\main\AndroidManifest.xml:155:13-49
146            android:theme="@style/Customtheme"
146-->src\main\AndroidManifest.xml:156:13-47
147            android:windowSoftInputMode="adjustPan" >
147-->src\main\AndroidManifest.xml:157:13-52
148
149            <!--
150                 <intent-filter>
151             <action android:name="android.intent.action.MAIN" />
152
153
154             <category android:name="android.intent.category.LAUNCHER" />
155             </intent-filter>
156            -->
157
158        </activity>
159        <activity
159-->src\main\AndroidManifest.xml:168:9-173:56
160            android:name="com.triton.bertsproject.retailer.ShippingAddressAddActivity"
160-->src\main\AndroidManifest.xml:169:13-64
161            android:screenOrientation="portrait"
161-->src\main\AndroidManifest.xml:170:13-49
162            android:theme="@style/Theme.BertsProject"
162-->src\main\AndroidManifest.xml:171:13-54
163            android:windowSoftInputMode="adjustPan" />
163-->src\main\AndroidManifest.xml:172:13-52
164        <activity
164-->src\main\AndroidManifest.xml:174:9-179:56
165            android:name="com.triton.bertsproject.retailer.ShippingAddressEditActivity"
165-->src\main\AndroidManifest.xml:175:13-65
166            android:screenOrientation="portrait"
166-->src\main\AndroidManifest.xml:176:13-49
167            android:theme="@style/Theme.BertsProject"
167-->src\main\AndroidManifest.xml:177:13-54
168            android:windowSoftInputMode="adjustPan" />
168-->src\main\AndroidManifest.xml:178:13-52
169        <activity
169-->src\main\AndroidManifest.xml:180:9-185:56
170            android:name="com.triton.bertsproject.retailer.ShippingAddressActivity"
170-->src\main\AndroidManifest.xml:181:13-61
171            android:screenOrientation="portrait"
171-->src\main\AndroidManifest.xml:182:13-49
172            android:theme="@style/Customtheme"
172-->src\main\AndroidManifest.xml:183:13-47
173            android:windowSoftInputMode="adjustPan" />
173-->src\main\AndroidManifest.xml:184:13-52
174        <activity
174-->src\main\AndroidManifest.xml:186:9-191:56
175            android:name="com.triton.bertsproject.retailer.RetailerProfileAccountActivity"
175-->src\main\AndroidManifest.xml:187:13-68
176            android:screenOrientation="portrait"
176-->src\main\AndroidManifest.xml:188:13-49
177            android:theme="@style/Customtheme"
177-->src\main\AndroidManifest.xml:189:13-47
178            android:windowSoftInputMode="adjustPan" />
178-->src\main\AndroidManifest.xml:190:13-52
179        <activity
179-->src\main\AndroidManifest.xml:192:9-197:56
180            android:name="com.triton.bertsproject.retailer.MyWishlistActivity"
180-->src\main\AndroidManifest.xml:193:13-56
181            android:screenOrientation="portrait"
181-->src\main\AndroidManifest.xml:194:13-49
182            android:theme="@style/Theme.BertsProject.Cart"
182-->src\main\AndroidManifest.xml:195:13-59
183            android:windowSoftInputMode="adjustPan" />
183-->src\main\AndroidManifest.xml:196:13-52
184        <activity
184-->src\main\AndroidManifest.xml:198:9-203:56
185            android:name="com.triton.bertsproject.retailer.RetailerOrderTrackActivity"
185-->src\main\AndroidManifest.xml:199:13-64
186            android:screenOrientation="portrait"
186-->src\main\AndroidManifest.xml:200:13-49
187            android:theme="@style/Theme.BertsProject.Cart"
187-->src\main\AndroidManifest.xml:201:13-59
188            android:windowSoftInputMode="adjustPan" />
188-->src\main\AndroidManifest.xml:202:13-52
189        <activity
189-->src\main\AndroidManifest.xml:204:9-209:56
190            android:name="com.triton.bertsproject.retailer.OrderListActivity"
190-->src\main\AndroidManifest.xml:205:13-55
191            android:screenOrientation="portrait"
191-->src\main\AndroidManifest.xml:206:13-49
192            android:theme="@style/Theme.BertsProject.Cart"
192-->src\main\AndroidManifest.xml:207:13-59
193            android:windowSoftInputMode="adjustPan" />
193-->src\main\AndroidManifest.xml:208:13-52
194        <activity
194-->src\main\AndroidManifest.xml:210:9-215:56
195            android:name="com.triton.bertsproject.retailer.RetailerCartActivity"
195-->src\main\AndroidManifest.xml:211:13-58
196            android:screenOrientation="portrait"
196-->src\main\AndroidManifest.xml:212:13-49
197            android:theme="@style/Theme.BertsProject.Cart"
197-->src\main\AndroidManifest.xml:213:13-59
198            android:windowSoftInputMode="adjustPan" />
198-->src\main\AndroidManifest.xml:214:13-52
199        <activity
199-->src\main\AndroidManifest.xml:216:9-221:56
200            android:name="com.triton.bertsproject.retailer.SearchProductListActivity"
200-->src\main\AndroidManifest.xml:217:13-63
201            android:screenOrientation="portrait"
201-->src\main\AndroidManifest.xml:218:13-49
202            android:theme="@style/Theme.BertsProject.SearchProduct"
202-->src\main\AndroidManifest.xml:219:13-68
203            android:windowSoftInputMode="adjustPan" />
203-->src\main\AndroidManifest.xml:220:13-52
204        <activity
204-->src\main\AndroidManifest.xml:222:9-227:56
205            android:name="com.triton.bertsproject.retailer.RetailerProductListActivity"
205-->src\main\AndroidManifest.xml:223:13-65
206            android:screenOrientation="portrait"
206-->src\main\AndroidManifest.xml:224:13-49
207            android:theme="@style/Theme.BertsProject.SearchProduct"
207-->src\main\AndroidManifest.xml:225:13-68
208            android:windowSoftInputMode="adjustPan" />
208-->src\main\AndroidManifest.xml:226:13-52
209        <activity
209-->src\main\AndroidManifest.xml:228:9-233:56
210            android:name="com.triton.bertsproject.retailer.SearchProductsActivity"
210-->src\main\AndroidManifest.xml:229:13-60
211            android:screenOrientation="portrait"
211-->src\main\AndroidManifest.xml:230:13-49
212            android:theme="@style/Theme.BertsProject.SearchProduct"
212-->src\main\AndroidManifest.xml:231:13-68
213            android:windowSoftInputMode="adjustPan" />
213-->src\main\AndroidManifest.xml:232:13-52
214        <activity
214-->src\main\AndroidManifest.xml:234:9-239:56
215            android:name="com.triton.bertsproject.retailer.RetailerDashboardActivity"
215-->src\main\AndroidManifest.xml:235:13-63
216            android:screenOrientation="portrait"
216-->src\main\AndroidManifest.xml:236:13-49
217            android:theme="@style/Parent"
217-->src\main\AndroidManifest.xml:237:13-42
218            android:windowSoftInputMode="adjustPan" />
218-->src\main\AndroidManifest.xml:238:13-52
219        <activity
219-->src\main\AndroidManifest.xml:240:9-245:56
220            android:name="com.triton.bertsproject.activities.ForgetPasswordActivity"
220-->src\main\AndroidManifest.xml:241:13-62
221            android:screenOrientation="portrait"
221-->src\main\AndroidManifest.xml:242:13-49
222            android:theme="@style/Customtheme"
222-->src\main\AndroidManifest.xml:243:13-47
223            android:windowSoftInputMode="adjustPan" />
223-->src\main\AndroidManifest.xml:244:13-52
224        <activity
224-->src\main\AndroidManifest.xml:246:9-251:56
225            android:name="com.triton.bertsproject.activities.RegisterActivity"
225-->src\main\AndroidManifest.xml:247:13-56
226            android:screenOrientation="portrait"
226-->src\main\AndroidManifest.xml:248:13-49
227            android:theme="@style/Customtheme"
227-->src\main\AndroidManifest.xml:249:13-47
228            android:windowSoftInputMode="adjustPan" />
228-->src\main\AndroidManifest.xml:250:13-52
229        <activity
229-->src\main\AndroidManifest.xml:252:9-263:20
230            android:name="com.triton.bertsproject.activities.SplashActivity"
230-->src\main\AndroidManifest.xml:253:13-54
231            android:screenOrientation="portrait"
231-->src\main\AndroidManifest.xml:254:13-49
232            android:theme="@style/Customtheme"
232-->src\main\AndroidManifest.xml:255:13-47
233            android:windowSoftInputMode="adjustPan" >
233-->src\main\AndroidManifest.xml:256:13-52
234            <intent-filter>
234-->src\main\AndroidManifest.xml:258:13-262:29
235                <action android:name="android.intent.action.MAIN" />
235-->src\main\AndroidManifest.xml:259:17-69
235-->src\main\AndroidManifest.xml:259:25-66
236
237                <category android:name="android.intent.category.LAUNCHER" />
237-->src\main\AndroidManifest.xml:261:17-77
237-->src\main\AndroidManifest.xml:261:27-74
238            </intent-filter>
239        </activity>
240        <activity
240-->src\main\AndroidManifest.xml:264:9-269:56
241            android:name="com.triton.bertsproject.activities.LoginActivity"
241-->src\main\AndroidManifest.xml:265:13-53
242            android:screenOrientation="portrait"
242-->src\main\AndroidManifest.xml:266:13-49
243            android:theme="@style/Customtheme"
243-->src\main\AndroidManifest.xml:267:13-47
244            android:windowSoftInputMode="adjustPan" />
244-->src\main\AndroidManifest.xml:268:13-52
245
246        <meta-data
246-->src\main\AndroidManifest.xml:271:9-273:55
247            android:name="com.facebook.sdk.ApplicationId"
247-->src\main\AndroidManifest.xml:272:13-58
248            android:value="@string/facebook_app_id" />
248-->src\main\AndroidManifest.xml:273:13-52
249
250        <activity
250-->src\main\AndroidManifest.xml:275:9-278:48
251            android:name="com.facebook.FacebookActivity"
251-->src\main\AndroidManifest.xml:276:13-57
252            android:configChanges="keyboard|keyboardHidden|screenLayout|screenSize|orientation"
252-->src\main\AndroidManifest.xml:277:13-96
253            android:label="@string/app_name"
253-->src\main\AndroidManifest.xml:278:13-45
254            android:theme="@style/com_facebook_activity_theme" />
254-->[com.facebook.android:facebook-common:5.15.3] AndroidManifest.xml:33:13-63
255        <activity
255-->src\main\AndroidManifest.xml:279:9-290:20
256            android:name="com.facebook.CustomTabActivity"
256-->src\main\AndroidManifest.xml:280:13-58
257            android:exported="true" >
257-->src\main\AndroidManifest.xml:281:13-36
258            <intent-filter>
258-->src\main\AndroidManifest.xml:282:13-289:29
259                <action android:name="android.intent.action.VIEW" />
259-->src\main\AndroidManifest.xml:283:17-69
259-->src\main\AndroidManifest.xml:283:25-66
260
261                <category android:name="android.intent.category.DEFAULT" />
261-->src\main\AndroidManifest.xml:285:17-76
261-->src\main\AndroidManifest.xml:285:27-73
262                <category android:name="android.intent.category.BROWSABLE" />
262-->src\main\AndroidManifest.xml:286:17-78
262-->src\main\AndroidManifest.xml:286:27-75
263
264                <data android:scheme="@string/fb_login_protocol_scheme" />
264-->src\main\AndroidManifest.xml:288:17-75
264-->src\main\AndroidManifest.xml:288:23-72
265            </intent-filter>
266            <intent-filter>
266-->[com.facebook.android:facebook-common:5.15.3] AndroidManifest.xml:39:13-48:29
267                <action android:name="android.intent.action.VIEW" />
267-->src\main\AndroidManifest.xml:283:17-69
267-->src\main\AndroidManifest.xml:283:25-66
268
269                <category android:name="android.intent.category.DEFAULT" />
269-->src\main\AndroidManifest.xml:285:17-76
269-->src\main\AndroidManifest.xml:285:27-73
270                <category android:name="android.intent.category.BROWSABLE" />
270-->src\main\AndroidManifest.xml:286:17-78
270-->src\main\AndroidManifest.xml:286:27-75
271
272                <data
272-->src\main\AndroidManifest.xml:288:17-75
273                    android:host="cct.com.triton.bertsproject"
274                    android:scheme="fbconnect" />
274-->src\main\AndroidManifest.xml:288:23-72
275            </intent-filter>
276        </activity>
277        <activity android:name="com.facebook.CustomTabMainActivity" />
277-->[com.facebook.android:facebook-common:5.15.3] AndroidManifest.xml:34:9-71
277-->[com.facebook.android:facebook-common:5.15.3] AndroidManifest.xml:34:19-68
278        <!--
279         The initialization ContentProvider will call FacebookSdk.sdkInitialize automatically
280         with the application context. This config is merged in with the host app's manifest,
281         but there can only be one provider with the same authority activated at any given
282         point; so if the end user has two or more different apps that use Facebook SDK, only the
283         first one will be able to use the provider. To work around this problem, we use the
284         following placeholder in the authority to identify each host application as if it was
285         a completely different provider.
286        -->
287        <provider
287-->[com.facebook.android:facebook-core:5.15.3] AndroidManifest.xml:39:9-42:40
288            android:name="com.facebook.internal.FacebookInitProvider"
288-->[com.facebook.android:facebook-core:5.15.3] AndroidManifest.xml:40:13-70
289            android:authorities="com.triton.bertsproject.FacebookInitProvider"
289-->[com.facebook.android:facebook-core:5.15.3] AndroidManifest.xml:41:13-72
290            android:exported="false" />
290-->[com.facebook.android:facebook-core:5.15.3] AndroidManifest.xml:42:13-37
291
292        <receiver
292-->[com.facebook.android:facebook-core:5.15.3] AndroidManifest.xml:44:9-50:20
293            android:name="com.facebook.CurrentAccessTokenExpirationBroadcastReceiver"
293-->[com.facebook.android:facebook-core:5.15.3] AndroidManifest.xml:45:13-86
294            android:exported="false" >
294-->[com.facebook.android:facebook-core:5.15.3] AndroidManifest.xml:46:13-37
295            <intent-filter>
295-->[com.facebook.android:facebook-core:5.15.3] AndroidManifest.xml:47:13-49:29
296                <action android:name="com.facebook.sdk.ACTION_CURRENT_ACCESS_TOKEN_CHANGED" />
296-->[com.facebook.android:facebook-core:5.15.3] AndroidManifest.xml:48:17-95
296-->[com.facebook.android:facebook-core:5.15.3] AndroidManifest.xml:48:25-92
297            </intent-filter>
298        </receiver> <!-- The activities will be merged into the manifest of the hosting app. -->
299        <activity
299-->[com.google.android.play:core:1.8.0] AndroidManifest.xml:12:5-271
300            android:name="com.google.android.play.core.missingsplits.PlayCoreMissingSplitsActivity"
300-->[com.google.android.play:core:1.8.0] AndroidManifest.xml:12:15-102
301            android:enabled="false"
301-->[com.google.android.play:core:1.8.0] AndroidManifest.xml:12:103-126
302            android:exported="false"
302-->[com.google.android.play:core:1.8.0] AndroidManifest.xml:12:127-151
303            android:launchMode="singleInstance"
303-->[com.google.android.play:core:1.8.0] AndroidManifest.xml:12:204-239
304            android:process=":playcore_missing_splits_activity"
304-->[com.google.android.play:core:1.8.0] AndroidManifest.xml:12:152-203
305            android:stateNotNeeded="true" />
305-->[com.google.android.play:core:1.8.0] AndroidManifest.xml:12:240-269
306        <activity
306-->[com.google.android.play:core:1.8.0] AndroidManifest.xml:13:5-226
307            android:name="com.google.android.play.core.common.PlayCoreDialogWrapperActivity"
307-->[com.google.android.play:core:1.8.0] AndroidManifest.xml:13:15-95
308            android:enabled="false"
308-->[com.google.android.play:core:1.8.0] AndroidManifest.xml:13:96-119
309            android:exported="false"
309-->[com.google.android.play:core:1.8.0] AndroidManifest.xml:13:120-144
310            android:stateNotNeeded="true"
310-->[com.google.android.play:core:1.8.0] AndroidManifest.xml:13:145-174
311            android:theme="@style/Theme.PlayCore.Transparent" /> <!-- The service will be merged into the manifest of the hosting app. -->
311-->[com.google.android.play:core:1.8.0] AndroidManifest.xml:13:175-224
312        <service
312-->[com.google.android.play:core:1.8.0] AndroidManifest.xml:16:5-145
313            android:name="com.google.android.play.core.assetpacks.AssetPackExtractionService"
313-->[com.google.android.play:core:1.8.0] AndroidManifest.xml:16:14-95
314            android:enabled="false"
314-->[com.google.android.play:core:1.8.0] AndroidManifest.xml:16:96-119